#
# There is insufficient memory for the Java Runtime Environment to continue.
# Native memory allocation (malloc) failed to allocate 1342576 bytes for Chunk::new
# Possible reasons:
#   The system is out of physical RAM or swap space
#   The process is running with CompressedOops enabled, and the Java Heap may be blocking the growth of the native heap
# Possible solutions:
#   Reduce memory load on the system
#   Increase physical memory or swap space
#   Check if swap backing store is full
#   Decrease Java heap size (-Xmx/-Xms)
#   Decrease number of Java threads
#   Decrease Java thread stack sizes (-Xss)
#   Set larger code cache with -XX:ReservedCodeCacheSize=
#   JVM is running with Zero Based Compressed Oops mode in which the Java heap is
#     placed in the first 32GB address space. The Java Heap base address is the
#     maximum limit for the native heap growth. Please use -XX:HeapBaseMinAddress
#     to set the Java Heap base and to place the Java Heap above 32GB virtual address.
# This output file may be truncated or incomplete.
#
#  Out of Memory Error (arena.cpp:184), pid=13724, tid=15580
#
# JRE version: OpenJDK Runtime Environment Temurin-18.0.1+10 (18.0.1+10) (build 18.0.1+10)
# Java VM: OpenJDK 64-Bit Server VM Temurin-18.0.1+10 (18.0.1+10, mixed mode, tiered, compressed oops, compressed class ptrs, g1 gc, windows-amd64)
# No core dump will be written. Minidumps are not enabled by default on client versions of Windows
#

---------------  S U M M A R Y ------------

Command Line: -Dfile.encoding=UTF-8 -XX:+ShowCodeDetailsInExceptionMessages br.atitus.turmaB.APIProdutos.APIProdutos.ApiProdutosApplication

Host: Intel(R) Core(TM) i5-10300H CPU @ 2.50GHz, 8 cores, 15G,  Windows 10 , 64 bit Build 19041 (10.0.19041.3031)
Time: Tue Jul  4 15:30:37 2023 Hora oficial do Brasil elapsed time: 27711.553140 seconds (0d 7h 41m 51s)

---------------  T H R E A D  ---------------

Current thread (0x0000021e6581a890):  JavaThread "C2 CompilerThread0" daemon [_thread_in_native, id=15580, stack(0x000000db5bf00000,0x000000db5c000000)]


Current CompileTask:
C2:27711553 8602       4       org.springframework.boot.devtools.filewatch.DirectorySnapshot::collectFiles (99 bytes)

Stack: [0x000000db5bf00000,0x000000db5c000000]
Native frames: (J=compiled Java code, j=interpreted, Vv=VM code, C=native code)
V  [jvm.dll+0x69cd4a]
V  [jvm.dll+0x84b63d]
V  [jvm.dll+0x84cf4e]
V  [jvm.dll+0x84d603]
V  [jvm.dll+0x25f19f]
V  [jvm.dll+0xba54f]
V  [jvm.dll+0xba8c5]
V  [jvm.dll+0x388841]
V  [jvm.dll+0x3528e1]
V  [jvm.dll+0x351d8a]
V  [jvm.dll+0x232141]
V  [jvm.dll+0x231511]
V  [jvm.dll+0x1bbd3c]
V  [jvm.dll+0x240faa]
V  [jvm.dll+0x23f275]
V  [jvm.dll+0x7fdcfb]
V  [jvm.dll+0x7f814a]
V  [jvm.dll+0x69bba5]
C  [ucrtbase.dll+0x21bb2]
C  [KERNEL32.DLL+0x17614]
C  [ntdll.dll+0x526f1]


---------------  P R O C E S S  ---------------

Threads class SMR info:
_java_thread_list=0x0000021e66eb97e0, length=43, elements={
0x0000021e6162aa10, 0x0000021e61652010, 0x0000021e616756c0, 0x0000021e61676060,
0x0000021e61676b40, 0x0000021e65819cb0, 0x0000021e6581a890, 0x0000021e6581c6f0,
0x0000021e658274c0, 0x0000021e6593b840, 0x0000021e6599e460, 0x0000021e674c7650,
0x0000021e67ecb700, 0x0000021e67ec9080, 0x0000021e67ecbbd0, 0x0000021e67ec7870,
0x0000021e67ec9550, 0x0000021e67ec7d40, 0x0000021e67ecad60, 0x0000021e67ecc570,
0x0000021e67ec9ef0, 0x0000021e67ec8210, 0x0000021e67ecd8b0, 0x0000021e67ec86e0,
0x0000021e67ecd3e0, 0x0000021e67ec9a20, 0x0000021e67eccf10, 0x0000021e67ec6060,
0x0000021e67ec6a00, 0x0000021e67ecc0a0, 0x0000021e67eca3c0, 0x0000021e67ecca40,
0x0000021e67ec6ed0, 0x0000021e674c7ff0, 0x0000021e674c4630, 0x0000021e674c5e40,
0x0000021e674c4b00, 0x0000021e674c7180, 0x0000021e674c4fd0, 0x0000021e674c54a0,
0x0000021e674c5970, 0x0000021e674c6310, 0x0000021e674c67e0
}

Java Threads: ( => current thread )
  0x0000021e6162aa10 JavaThread "Reference Handler" daemon [_thread_blocked, id=10032, stack(0x000000db5b900000,0x000000db5ba00000)]
  0x0000021e61652010 JavaThread "Finalizer" daemon [_thread_blocked, id=1324, stack(0x000000db5ba00000,0x000000db5bb00000)]
  0x0000021e616756c0 JavaThread "Signal Dispatcher" daemon [_thread_blocked, id=4484, stack(0x000000db5bb00000,0x000000db5bc00000)]
  0x0000021e61676060 JavaThread "Attach Listener" daemon [_thread_blocked, id=15076, stack(0x000000db5bc00000,0x000000db5bd00000)]
  0x0000021e61676b40 JavaThread "Service Thread" daemon [_thread_blocked, id=12612, stack(0x000000db5bd00000,0x000000db5be00000)]
  0x0000021e65819cb0 JavaThread "Monitor Deflation Thread" daemon [_thread_blocked, id=9516, stack(0x000000db5be00000,0x000000db5bf00000)]
=>0x0000021e6581a890 JavaThread "C2 CompilerThread0" daemon [_thread_in_native, id=15580, stack(0x000000db5bf00000,0x000000db5c000000)]
  0x0000021e6581c6f0 JavaThread "C1 CompilerThread0" daemon [_thread_blocked, id=976, stack(0x000000db5c000000,0x000000db5c100000)]
  0x0000021e658274c0 JavaThread "Sweeper thread" daemon [_thread_blocked, id=13196, stack(0x000000db5c100000,0x000000db5c200000)]
  0x0000021e6593b840 JavaThread "Notification Thread" daemon [_thread_blocked, id=1904, stack(0x000000db5c200000,0x000000db5c300000)]
  0x0000021e6599e460 JavaThread "Common-Cleaner" daemon [_thread_blocked, id=11528, stack(0x000000db5c400000,0x000000db5c500000)]
  0x0000021e674c7650 JavaThread "Live Reload Server" daemon [_thread_in_native, id=15540, stack(0x000000db5d600000,0x000000db5d700000)]
  0x0000021e67ecb700 JavaThread "DestroyJavaVM" [_thread_blocked, id=1176, stack(0x000000db5b200000,0x000000db5b300000)]
  0x0000021e67ec9080 JavaThread "File Watcher" daemon [_thread_blocked, id=4240, stack(0x000000db5b100000,0x000000db5b200000)]
  0x0000021e67ecbbd0 JavaThread "File Watcher" daemon [_thread_blocked, id=20000, stack(0x000000db5b000000,0x000000db5b100000)]
  0x0000021e67ec7870 JavaThread "File Watcher" daemon [_thread_blocked, id=840, stack(0x000000db5c500000,0x000000db5c600000)]
  0x0000021e67ec9550 JavaThread "File Watcher" daemon [_thread_blocked, id=20452, stack(0x000000db5c600000,0x000000db5c700000)]
  0x0000021e67ec7d40 JavaThread "File Watcher" daemon [_thread_blocked, id=20364, stack(0x000000db5c700000,0x000000db5c800000)]
  0x0000021e67ecad60 JavaThread "File Watcher" daemon [_thread_blocked, id=19744, stack(0x000000db5cd00000,0x000000db5ce00000)]
  0x0000021e67ecc570 JavaThread "File Watcher" daemon [_thread_blocked, id=19476, stack(0x000000db5d100000,0x000000db5d200000)]
  0x0000021e67ec9ef0 JavaThread "File Watcher" daemon [_thread_blocked, id=17816, stack(0x000000db5d200000,0x000000db5d300000)]
  0x0000021e67ec8210 JavaThread "File Watcher" daemon [_thread_blocked, id=18464, stack(0x000000db5d300000,0x000000db5d400000)]
  0x0000021e67ecd8b0 JavaThread "File Watcher" daemon [_thread_blocked, id=14836, stack(0x000000db5d400000,0x000000db5d500000)]
  0x0000021e67ec86e0 JavaThread "File Watcher" daemon [_thread_blocked, id=16272, stack(0x000000db5d500000,0x000000db5d600000)]
  0x0000021e67ecd3e0 JavaThread "File Watcher" daemon [_thread_blocked, id=10952, stack(0x000000db5d700000,0x000000db5d800000)]
  0x0000021e67ec9a20 JavaThread "File Watcher" daemon [_thread_blocked, id=2936, stack(0x000000db5d800000,0x000000db5d900000)]
  0x0000021e67eccf10 JavaThread "File Watcher" daemon [_thread_blocked, id=6712, stack(0x000000db5da00000,0x000000db5db00000)]
  0x0000021e67ec6060 JavaThread "Catalina-utility-1" [_thread_blocked, id=8984, stack(0x000000db5dc00000,0x000000db5dd00000)]
  0x0000021e67ec6a00 JavaThread "Catalina-utility-2" [_thread_blocked, id=5292, stack(0x000000db5df00000,0x000000db5e000000)]
  0x0000021e67ecc0a0 JavaThread "container-14" [_thread_blocked, id=1360, stack(0x000000db5e000000,0x000000db5e100000)]
  0x0000021e67eca3c0 JavaThread "File Watcher" daemon [_thread_blocked, id=16652, stack(0x000000db5e100000,0x000000db5e200000)]
  0x0000021e67ecca40 JavaThread "http-nio-8080-exec-1" daemon [_thread_blocked, id=3004, stack(0x000000db5e200000,0x000000db5e300000)]
  0x0000021e67ec6ed0 JavaThread "http-nio-8080-exec-2" daemon [_thread_blocked, id=17156, stack(0x000000db5e300000,0x000000db5e400000)]
  0x0000021e674c7ff0 JavaThread "http-nio-8080-exec-3" daemon [_thread_blocked, id=7764, stack(0x000000db5e400000,0x000000db5e500000)]
  0x0000021e674c4630 JavaThread "http-nio-8080-exec-4" daemon [_thread_blocked, id=19904, stack(0x000000db5e500000,0x000000db5e600000)]
  0x0000021e674c5e40 JavaThread "http-nio-8080-exec-5" daemon [_thread_blocked, id=15144, stack(0x000000db5e600000,0x000000db5e700000)]
  0x0000021e674c4b00 JavaThread "http-nio-8080-exec-6" daemon [_thread_blocked, id=10096, stack(0x000000db5e700000,0x000000db5e800000)]
  0x0000021e674c7180 JavaThread "http-nio-8080-exec-7" daemon [_thread_blocked, id=14696, stack(0x000000db5e800000,0x000000db5e900000)]
  0x0000021e674c4fd0 JavaThread "http-nio-8080-exec-8" daemon [_thread_blocked, id=19516, stack(0x000000db5e900000,0x000000db5ea00000)]
  0x0000021e674c54a0 JavaThread "http-nio-8080-exec-9" daemon [_thread_blocked, id=19400, stack(0x000000db5ea00000,0x000000db5eb00000)]
  0x0000021e674c5970 JavaThread "http-nio-8080-exec-10" daemon [_thread_blocked, id=13516, stack(0x000000db5eb00000,0x000000db5ec00000)]
  0x0000021e674c6310 JavaThread "http-nio-8080-Poller" daemon [_thread_in_native, id=9352, stack(0x000000db5ec00000,0x000000db5ed00000)]
  0x0000021e674c67e0 JavaThread "http-nio-8080-Acceptor" daemon [_thread_in_native, id=14676, stack(0x000000db5ed00000,0x000000db5ee00000)]

Other Threads:
  0x0000021e40bffd50 VMThread "VM Thread" [stack: 0x000000db5b800000,0x000000db5b900000] [id=10828]
  0x0000021e6593c520 WatcherThread "VM Periodic Task Thread" [stack: 0x000000db5c300000,0x000000db5c400000] [id=7380]
  0x0000021e40bd6be0 WorkerThread "GC Thread#0" [stack: 0x000000db5b300000,0x000000db5b400000] [id=9172]
  0x0000021e65f2b510 WorkerThread "GC Thread#1" [stack: 0x000000db5c800000,0x000000db5c900000] [id=17328]
  0x0000021e65f2b7b0 WorkerThread "GC Thread#2" [stack: 0x000000db5c900000,0x000000db5ca00000] [id=11440]
  0x0000021e65f2a550 WorkerThread "GC Thread#3" [stack: 0x000000db5ca00000,0x000000db5cb00000] [id=5816]
  0x0000021e65f2ad30 WorkerThread "GC Thread#4" [stack: 0x000000db5cb00000,0x000000db5cc00000] [id=10520]
  0x0000021e65f2aa90 WorkerThread "GC Thread#5" [stack: 0x000000db5cc00000,0x000000db5cd00000] [id=15464]
  0x0000021e65f29d70 WorkerThread "GC Thread#6" [stack: 0x000000db5ce00000,0x000000db5cf00000] [id=9804]
  0x0000021e65f2a010 WorkerThread "GC Thread#7" [stack: 0x000000db5cf00000,0x000000db5d000000] [id=3204]
  0x0000021e40be7910 ConcurrentGCThread "G1 Main Marker" [stack: 0x000000db5b400000,0x000000db5b500000] [id=13808]
  0x0000021e40be8aa0 WorkerThread "G1 Conc#0" [stack: 0x000000db5b500000,0x000000db5b600000] [id=17332]
  0x0000021e65f2a2b0 WorkerThread "G1 Conc#1" [stack: 0x000000db5d000000,0x000000db5d100000] [id=12076]
  0x0000021e6148f0f0 ConcurrentGCThread "G1 Refine#0" [stack: 0x000000db5b600000,0x000000db5b700000] [id=1964]
  0x0000021e6148f910 ConcurrentGCThread "G1 Service" [stack: 0x000000db5b700000,0x000000db5b800000] [id=11944]

Threads with active compile tasks:
C2 CompilerThread0  27711575 8602       4       org.springframework.boot.devtools.filewatch.DirectorySnapshot::collectFiles (99 bytes)

VM state: not at safepoint (normal execution)

VM Mutex/Monitor currently owned by a thread: None

Heap address: 0x0000000702000000, size: 4064 MB, Compressed Oops mode: Zero based, Oop shift amount: 3

CDS archive(s) not mapped
Compressed class space mapped at: 0x0000000800000000-0x0000000840000000, reserved size: 1073741824
Narrow klass base: 0x0000000800000000, Narrow klass shift: 0, Narrow klass range: 0x40000000

GC Precious Log:
 CardTable entry size: 512
 Card Set container configuration: InlinePtr #cards 4 size 8 Array Of Cards #cards 16 size 48 Howl #buckets 8 coarsen threshold 3686 Howl Bitmap #cards 512 size 80 coarsen threshold 460 Card regions per heap region 1 cards per card region 4096
 CPUs: 8 total, 8 available
 Memory: 16251M
 Large Page Support: Disabled
 NUMA Support: Disabled
 Compressed Oops: Enabled (Zero based)
 Heap Region Size: 2M
 Heap Min Capacity: 8M
 Heap Initial Capacity: 254M
 Heap Max Capacity: 4064M
 Pre-touch: Disabled
 Parallel Workers: 8
 Concurrent Workers: 2
 Concurrent Refinement Workers: 8
 Periodic GC: Disabled

Heap:
 garbage-first heap   total 49152K, used 24617K [0x0000000702000000, 0x0000000800000000)
  region size 2048K, 7 young (14336K), 1 survivors (2048K)
 Metaspace       used 39765K, committed 40384K, reserved 1114112K
  class space    used 4263K, committed 4544K, reserved 1048576K

Heap Regions: E=young(eden), S=young(survivor), O=old, HS=humongous(starts), HC=humongous(continues), CS=collection set, F=free, OA=open archive, CA=closed archive, TAMS=top-at-mark-start (previous, next)
|   0|0x0000000702000000, 0x00000007021f49d8, 0x0000000702200000| 97%| O|  |TAMS 0x00000007021f49d8, 0x0000000702000000| Untracked 
|   1|0x0000000702200000, 0x00000007023fffd0, 0x0000000702400000| 99%| O|  |TAMS 0x00000007023fffd0, 0x0000000702200000| Untracked 
|   2|0x0000000702400000, 0x00000007025ffff8, 0x0000000702600000| 99%| O|  |TAMS 0x00000007025ffff8, 0x0000000702400000| Untracked 
|   3|0x0000000702600000, 0x00000007027ffff0, 0x0000000702800000| 99%| O|  |TAMS 0x00000007027ffff0, 0x0000000702600000| Untracked 
|   4|0x0000000702800000, 0x00000007029fffe8, 0x0000000702a00000| 99%| O|  |TAMS 0x00000007029fffe8, 0x0000000702800000| Untracked 
|   5|0x0000000702a00000, 0x0000000702af83c0, 0x0000000702c00000| 48%| O|  |TAMS 0x0000000702a00000, 0x0000000702a00000| Untracked 
|   6|0x0000000702c00000, 0x0000000702d20fd8, 0x0000000702e00000| 56%| O|  |TAMS 0x0000000702c00000, 0x0000000702c00000| Untracked 
|   7|0x0000000702e00000, 0x0000000702e00000, 0x0000000703000000|  0%| F|  |TAMS 0x0000000702e00000, 0x0000000702e00000| Untracked 
|   8|0x0000000703000000, 0x0000000703000000, 0x0000000703200000|  0%| F|  |TAMS 0x0000000703000000, 0x0000000703000000| Untracked 
|   9|0x0000000703200000, 0x0000000703200000, 0x0000000703400000|  0%| F|  |TAMS 0x0000000703200000, 0x0000000703200000| Untracked 
|  10|0x0000000703400000, 0x00000007035fc840, 0x0000000703600000| 99%| S|CS|TAMS 0x0000000703400000, 0x0000000703400000| Complete 
|  11|0x0000000703600000, 0x0000000703600000, 0x0000000703800000|  0%| F|  |TAMS 0x0000000703600000, 0x0000000703600000| Untracked 
|  12|0x0000000703800000, 0x0000000703800000, 0x0000000703a00000|  0%| F|  |TAMS 0x0000000703800000, 0x0000000703800000| Untracked 
|  13|0x0000000703a00000, 0x0000000703a00000, 0x0000000703c00000|  0%| F|  |TAMS 0x0000000703a00000, 0x0000000703a00000| Untracked 
|  14|0x0000000703c00000, 0x0000000703c00000, 0x0000000703e00000|  0%| F|  |TAMS 0x0000000703c00000, 0x0000000703c00000| Untracked 
|  15|0x0000000703e00000, 0x0000000703e00000, 0x0000000704000000|  0%| F|  |TAMS 0x0000000703e00000, 0x0000000703e00000| Untracked 
|  16|0x0000000704000000, 0x0000000704000000, 0x0000000704200000|  0%| F|  |TAMS 0x0000000704000000, 0x0000000704000000| Untracked 
|  17|0x0000000704200000, 0x0000000704200000, 0x0000000704400000|  0%| F|  |TAMS 0x0000000704200000, 0x0000000704200000| Untracked 
|  18|0x0000000704400000, 0x000000070456c3e8, 0x0000000704600000| 71%| E|  |TAMS 0x0000000704400000, 0x0000000704400000| Complete 
|  19|0x0000000704600000, 0x0000000704800000, 0x0000000704800000|100%| E|CS|TAMS 0x0000000704600000, 0x0000000704600000| Complete 
|  20|0x0000000704800000, 0x0000000704a00000, 0x0000000704a00000|100%| E|CS|TAMS 0x0000000704800000, 0x0000000704800000| Complete 
|  21|0x0000000704a00000, 0x0000000704c00000, 0x0000000704c00000|100%| E|CS|TAMS 0x0000000704a00000, 0x0000000704a00000| Complete 
|  22|0x0000000704c00000, 0x0000000704e00000, 0x0000000704e00000|100%| E|CS|TAMS 0x0000000704c00000, 0x0000000704c00000| Complete 
|  23|0x0000000704e00000, 0x0000000705000000, 0x0000000705000000|100%| E|CS|TAMS 0x0000000704e00000, 0x0000000704e00000| Complete 

Card table byte_map: [0x0000021e55c80000,0x0000021e56470000] _byte_map_base: 0x0000021e52470000

Marking Bits (Prev, Next): (CMBitMap*) 0x0000021e40bd71e0, (CMBitMap*) 0x0000021e40bd7220
 Prev Bits: [0x0000021e56c60000, 0x0000021e5abe0000)
 Next Bits: [0x0000021e5abe0000, 0x0000021e5eb60000)

Polling page: 0x0000021e40c30000

Metaspace:

Usage:
  Non-class:     34.67 MB used.
      Class:      4.16 MB used.
       Both:     38.83 MB used.

Virtual space:
  Non-class space:       64.00 MB reserved,      35.00 MB ( 55%) committed,  1 nodes.
      Class space:        1.00 GB reserved,       4.44 MB ( <1%) committed,  1 nodes.
             Both:        1.06 GB reserved,      39.44 MB (  4%) committed. 

Chunk freelists:
   Non-Class:  1.12 MB
       Class:  3.59 MB
        Both:  4.71 MB

MaxMetaspaceSize: unlimited
CompressedClassSpaceSize: 1.00 GB
Initial GC threshold: 21.00 MB
Current GC threshold: 65.75 MB
CDS: off
MetaspaceReclaimPolicy: balanced
 - commit_granule_bytes: 65536.
 - commit_granule_words: 8192.
 - virtual_space_node_default_size: 8388608.
 - enlarge_chunks_in_place: 1.
 - new_chunks_are_fully_committed: 0.
 - uncommit_free_chunks: 1.
 - use_allocation_guard: 0.


Internal statistics:

num_allocs_failed_limit: 8.
num_arena_births: 1050.
num_arena_deaths: 558.
num_vsnodes_births: 2.
num_vsnodes_deaths: 0.
num_space_committed: 633.
num_space_uncommitted: 2.
num_chunks_returned_to_freelist: 616.
num_chunks_taken_from_freelist: 2308.
num_chunk_merges: 158.
num_chunk_splits: 1357.
num_chunks_enlarged: 935.
num_inconsistent_stats: 0.

CodeHeap 'non-profiled nmethods': size=120000Kb used=6560Kb max_used=6560Kb free=113439Kb
 bounds [0x0000021e4d500000, 0x0000021e4db70000, 0x0000021e54a30000]
CodeHeap 'profiled nmethods': size=120000Kb used=13858Kb max_used=14623Kb free=106141Kb
 bounds [0x0000021e45fd0000, 0x0000021e46e80000, 0x0000021e4d500000]
CodeHeap 'non-nmethods': size=5760Kb used=1226Kb max_used=1310Kb free=4533Kb
 bounds [0x0000021e45a30000, 0x0000021e45ca0000, 0x0000021e45fd0000]
 total_blobs=7524 nmethods=7008 adapters=426
 compilation: enabled
              stopped_count=0, restarted_count=0
 full_count=0

Compilation events (20 events):
Event: 27115.169 Thread 0x0000021e6581a890 nmethod 8575 0x0000021e4d732010 code [0x0000021e4d7321a0, 0x0000021e4d732438]
Event: 27115.169 Thread 0x0000021e6581a890 8559       4       java.util.Spliterators$1Adapter::next (39 bytes)
Event: 27115.169 Thread 0x0000021e6581a890 nmethod 8559 0x0000021e4d731d10 code [0x0000021e4d731e80, 0x0000021e4d731f78]
Event: 27361.167 Thread 0x0000021e6581a890 8594       4       java.util.concurrent.locks.AbstractQueuedSynchronizer$ConditionObject::awaitNanos (200 bytes)
Event: 27361.180 Thread 0x0000021e6581a890 nmethod 8594 0x0000021e4db62c10 code [0x0000021e4db62e20, 0x0000021e4db63d70]
Event: 27655.533 Thread 0x0000021e6581a890 8595       4       java.util.HashMap$Values::toArray (16 bytes)
Event: 27655.556 Thread 0x0000021e6581a890 nmethod 8595 0x0000021e4db64510 code [0x0000021e4db646a0, 0x0000021e4db64cf8]
Event: 27688.689 Thread 0x0000021e6581a890 8596       4       java.io.File::length (33 bytes)
Event: 27688.689 Thread 0x0000021e6581c6f0 8597       3       org.springframework.boot.devtools.filewatch.DirectorySnapshot::collectFiles (99 bytes)
Event: 27688.690 Thread 0x0000021e6581c6f0 nmethod 8597 0x0000021e461aff90 code [0x0000021e461b0240, 0x0000021e461b0ff8]
Event: 27688.694 Thread 0x0000021e6581a890 nmethod 8596 0x0000021e4db65010 code [0x0000021e4db651c0, 0x0000021e4db657e8]
Event: 27689.018 Thread 0x0000021e6581a890 8598       4       java.io.File::getName (42 bytes)
Event: 27689.019 Thread 0x0000021e6581c6f0 8599       3       org.springframework.boot.devtools.filewatch.FileSnapshot::<init> (64 bytes)
Event: 27689.020 Thread 0x0000021e6581c6f0 nmethod 8599 0x0000021e4641ee10 code [0x0000021e4641f160, 0x0000021e46420478]
Event: 27689.024 Thread 0x0000021e6581a890 nmethod 8598 0x0000021e4db65d10 code [0x0000021e4db65ea0, 0x0000021e4db66558]
Event: 27689.024 Thread 0x0000021e6581a890 8600       4       java.io.File::lastModified (33 bytes)
Event: 27689.029 Thread 0x0000021e6581a890 nmethod 8600 0x0000021e4db66910 code [0x0000021e4db66ac0, 0x0000021e4db670e8]
Event: 27692.647 Thread 0x0000021e6581a890 8601       4       java.io.File::listFiles (52 bytes)
Event: 27692.665 Thread 0x0000021e6581a890 nmethod 8601 0x0000021e4db67610 code [0x0000021e4db677e0, 0x0000021e4db68238]
Event: 27711.462 Thread 0x0000021e6581a890 8602       4       org.springframework.boot.devtools.filewatch.DirectorySnapshot::collectFiles (99 bytes)

GC Heap History (20 events):
Event: 27114.993 GC heap before
{Heap before GC invocations=173 (full 23):
 garbage-first heap   total 61440K, used 14168K [0x0000000702000000, 0x0000000800000000)
  region size 2048K, 2 young (4096K), 1 survivors (2048K)
 Metaspace       used 39735K, committed 40384K, reserved 1114112K
  class space    used 4262K, committed 4544K, reserved 1048576K
}
Event: 27115.020 GC heap after
{Heap after GC invocations=174 (full 24):
 garbage-first heap   total 49152K, used 12343K [0x0000000702000000, 0x0000000800000000)
  region size 2048K, 0 young (0K), 0 survivors (0K)
 Metaspace       used 39732K, committed 40384K, reserved 1114112K
  class space    used 4261K, committed 4544K, reserved 1048576K
}
Event: 27118.172 GC heap before
{Heap before GC invocations=174 (full 24):
 garbage-first heap   total 49152K, used 34871K [0x0000000702000000, 0x0000000800000000)
  region size 2048K, 11 young (22528K), 0 survivors (0K)
 Metaspace       used 39765K, committed 40384K, reserved 1114112K
  class space    used 4263K, committed 4544K, reserved 1048576K
}
Event: 27118.177 GC heap after
{Heap after GC invocations=175 (full 24):
 garbage-first heap   total 49152K, used 14278K [0x0000000702000000, 0x0000000800000000)
  region size 2048K, 1 young (2048K), 1 survivors (2048K)
 Metaspace       used 39765K, committed 40384K, reserved 1114112K
  class space    used 4263K, committed 4544K, reserved 1048576K
}
Event: 27176.018 GC heap before
{Heap before GC invocations=175 (full 24):
 garbage-first heap   total 49152K, used 34758K [0x0000000702000000, 0x0000000800000000)
  region size 2048K, 11 young (22528K), 1 survivors (2048K)
 Metaspace       used 39765K, committed 40384K, reserved 1114112K
  class space    used 4263K, committed 4544K, reserved 1048576K
}
Event: 27176.018 GC heap after
{Heap after GC invocations=176 (full 24):
 garbage-first heap   total 49152K, used 14273K [0x0000000702000000, 0x0000000800000000)
  region size 2048K, 1 young (2048K), 1 survivors (2048K)
 Metaspace       used 39765K, committed 40384K, reserved 1114112K
  class space    used 4263K, committed 4544K, reserved 1048576K
}
Event: 27238.008 GC heap before
{Heap before GC invocations=176 (full 24):
 garbage-first heap   total 49152K, used 34753K [0x0000000702000000, 0x0000000800000000)
  region size 2048K, 11 young (22528K), 1 survivors (2048K)
 Metaspace       used 39765K, committed 40384K, reserved 1114112K
  class space    used 4263K, committed 4544K, reserved 1048576K
}
Event: 27238.011 GC heap after
{Heap after GC invocations=177 (full 24):
 garbage-first heap   total 49152K, used 14244K [0x0000000702000000, 0x0000000800000000)
  region size 2048K, 1 young (2048K), 1 survivors (2048K)
 Metaspace       used 39765K, committed 40384K, reserved 1114112K
  class space    used 4263K, committed 4544K, reserved 1048576K
}
Event: 27307.023 GC heap before
{Heap before GC invocations=177 (full 24):
 garbage-first heap   total 49152K, used 36772K [0x0000000702000000, 0x0000000800000000)
  region size 2048K, 12 young (24576K), 1 survivors (2048K)
 Metaspace       used 39765K, committed 40384K, reserved 1114112K
  class space    used 4263K, committed 4544K, reserved 1048576K
}
Event: 27307.025 GC heap after
{Heap after GC invocations=178 (full 24):
 garbage-first heap   total 49152K, used 14286K [0x0000000702000000, 0x0000000800000000)
  region size 2048K, 1 young (2048K), 1 survivors (2048K)
 Metaspace       used 39765K, committed 40384K, reserved 1114112K
  class space    used 4263K, committed 4544K, reserved 1048576K
}
Event: 27376.922 GC heap before
{Heap before GC invocations=178 (full 24):
 garbage-first heap   total 49152K, used 36814K [0x0000000702000000, 0x0000000800000000)
  region size 2048K, 12 young (24576K), 1 survivors (2048K)
 Metaspace       used 39765K, committed 40384K, reserved 1114112K
  class space    used 4263K, committed 4544K, reserved 1048576K
}
Event: 27376.923 GC heap after
{Heap after GC invocations=179 (full 24):
 garbage-first heap   total 49152K, used 14197K [0x0000000702000000, 0x0000000800000000)
  region size 2048K, 1 young (2048K), 1 survivors (2048K)
 Metaspace       used 39765K, committed 40384K, reserved 1114112K
  class space    used 4263K, committed 4544K, reserved 1048576K
}
Event: 27446.540 GC heap before
{Heap before GC invocations=179 (full 24):
 garbage-first heap   total 49152K, used 36725K [0x0000000702000000, 0x0000000800000000)
  region size 2048K, 12 young (24576K), 1 survivors (2048K)
 Metaspace       used 39765K, committed 40384K, reserved 1114112K
  class space    used 4263K, committed 4544K, reserved 1048576K
}
Event: 27446.541 GC heap after
{Heap after GC invocations=180 (full 24):
 garbage-first heap   total 49152K, used 14325K [0x0000000702000000, 0x0000000800000000)
  region size 2048K, 1 young (2048K), 1 survivors (2048K)
 Metaspace       used 39765K, committed 40384K, reserved 1114112K
  class space    used 4263K, committed 4544K, reserved 1048576K
}
Event: 27523.044 GC heap before
{Heap before GC invocations=180 (full 24):
 garbage-first heap   total 49152K, used 38901K [0x0000000702000000, 0x0000000800000000)
  region size 2048K, 13 young (26624K), 1 survivors (2048K)
 Metaspace       used 39765K, committed 40384K, reserved 1114112K
  class space    used 4263K, committed 4544K, reserved 1048576K
}
Event: 27523.049 GC heap after
{Heap after GC invocations=181 (full 24):
 garbage-first heap   total 49152K, used 14391K [0x0000000702000000, 0x0000000800000000)
  region size 2048K, 1 young (2048K), 1 survivors (2048K)
 Metaspace       used 39765K, committed 40384K, reserved 1114112K
  class space    used 4263K, committed 4544K, reserved 1048576K
}
Event: 27599.349 GC heap before
{Heap before GC invocations=181 (full 24):
 garbage-first heap   total 49152K, used 38967K [0x0000000702000000, 0x0000000800000000)
  region size 2048K, 13 young (26624K), 1 survivors (2048K)
 Metaspace       used 39765K, committed 40384K, reserved 1114112K
  class space    used 4263K, committed 4544K, reserved 1048576K
}
Event: 27599.351 GC heap after
{Heap after GC invocations=182 (full 24):
 garbage-first heap   total 49152K, used 14368K [0x0000000702000000, 0x0000000800000000)
  region size 2048K, 1 young (2048K), 1 survivors (2048K)
 Metaspace       used 39765K, committed 40384K, reserved 1114112K
  class space    used 4263K, committed 4544K, reserved 1048576K
}
Event: 27675.713 GC heap before
{Heap before GC invocations=182 (full 24):
 garbage-first heap   total 49152K, used 38944K [0x0000000702000000, 0x0000000800000000)
  region size 2048K, 13 young (26624K), 1 survivors (2048K)
 Metaspace       used 39765K, committed 40384K, reserved 1114112K
  class space    used 4263K, committed 4544K, reserved 1048576K
}
Event: 27675.717 GC heap after
{Heap after GC invocations=183 (full 24):
 garbage-first heap   total 49152K, used 14377K [0x0000000702000000, 0x0000000800000000)
  region size 2048K, 1 young (2048K), 1 survivors (2048K)
 Metaspace       used 39765K, committed 40384K, reserved 1114112K
  class space    used 4263K, committed 4544K, reserved 1048576K
}

Deoptimization events (20 events):
Event: 26982.119 Thread 0x0000021e674c67e0 DEOPT PACKING pc=0x0000021e4d71260c sp=0x000000db5d9fb110
Event: 26982.119 Thread 0x0000021e674c67e0 DEOPT UNPACKING pc=0x0000021e45a823a3 sp=0x000000db5d9fafc8 mode 2
Event: 27088.009 Thread 0x0000021e67ec6060 Uncommon trap: trap_request=0xffffff76 fr.pc=0x0000021e4d78f864 relative=0x00000000000001c4
Event: 27088.009 Thread 0x0000021e67ec6060 Uncommon trap: reason=predicate action=maybe_recompile pc=0x0000021e4d78f864 method=java.util.LinkedHashMap.valuesToArray([Ljava/lang/Object;)[Ljava/lang/Object; @ 12 c2
Event: 27088.009 Thread 0x0000021e67ec6060 DEOPT PACKING pc=0x0000021e4d78f864 sp=0x000000db5ddfe400
Event: 27088.009 Thread 0x0000021e67ec6060 DEOPT UNPACKING pc=0x0000021e45a823a3 sp=0x000000db5ddfe3b8 mode 2
Event: 27115.164 Thread 0x0000021e67ec8bb0 DEOPT PACKING pc=0x0000021e46c4aa96 sp=0x000000db5defd720
Event: 27115.164 Thread 0x0000021e67ec8bb0 DEOPT UNPACKING pc=0x0000021e45a82b43 sp=0x000000db5defcb78 mode 0
Event: 27687.999 Thread 0x0000021e67ec9080 Uncommon trap: trap_request=0xffffff45 fr.pc=0x0000021e4d62dacc relative=0x000000000000176c
Event: 27687.999 Thread 0x0000021e67ec9080 Uncommon trap: reason=unstable_if action=reinterpret pc=0x0000021e4d62dacc method=org.springframework.boot.devtools.filewatch.FileSnapshot.<init>(Ljava/io/File;)V @ 14 c2
Event: 27687.999 Thread 0x0000021e67ec9080 DEOPT PACKING pc=0x0000021e4d62dacc sp=0x000000db5b1fea90
Event: 27687.999 Thread 0x0000021e67ec9080 DEOPT UNPACKING pc=0x0000021e45a823a3 sp=0x000000db5b1fea70 mode 2
Event: 27688.000 Thread 0x0000021e67ec9080 Uncommon trap: trap_request=0xffffff45 fr.pc=0x0000021e4d7f632c relative=0x000000000000534c
Event: 27688.000 Thread 0x0000021e67ec86e0 Uncommon trap: trap_request=0xffffff45 fr.pc=0x0000021e4d7f632c relative=0x000000000000534c
Event: 27688.000 Thread 0x0000021e67ec9080 Uncommon trap: reason=unstable_if action=reinterpret pc=0x0000021e4d7f632c method=org.springframework.boot.devtools.filewatch.DirectorySnapshot.collectFiles(Ljava/io/File;Ljava/util/Set;)V @ 73 c2
Event: 27688.000 Thread 0x0000021e67ec86e0 Uncommon trap: reason=unstable_if action=reinterpret pc=0x0000021e4d7f632c method=org.springframework.boot.devtools.filewatch.DirectorySnapshot.collectFiles(Ljava/io/File;Ljava/util/Set;)V @ 73 c2
Event: 27688.000 Thread 0x0000021e67ec9080 DEOPT PACKING pc=0x0000021e4d7f632c sp=0x000000db5b1febd0
Event: 27688.000 Thread 0x0000021e67ec86e0 DEOPT PACKING pc=0x0000021e4d7f632c sp=0x000000db5d5ff070
Event: 27688.000 Thread 0x0000021e67ec86e0 DEOPT UNPACKING pc=0x0000021e45a823a3 sp=0x000000db5d5ff060 mode 2
Event: 27688.000 Thread 0x0000021e67ec9080 DEOPT UNPACKING pc=0x0000021e45a823a3 sp=0x000000db5b1febc0 mode 2

Classes loaded (20 events):
Event: 22.009 Loading class java/lang/ref/Finalizer$2
Event: 22.009 Loading class java/lang/ref/Finalizer$2 done
Event: 22.009 Loading class java/lang/ref/Finalizer$1
Event: 22.009 Loading class java/lang/ref/Finalizer$1 done
Event: 22.370 Loading class java/util/WeakHashMap$EntrySet
Event: 22.371 Loading class java/util/WeakHashMap$EntrySet done
Event: 22.371 Loading class java/util/WeakHashMap$EntryIterator
Event: 22.371 Loading class java/util/WeakHashMap$EntryIterator done
Event: 393.384 Loading class jdk/internal/access/foreign/MemorySegmentProxy
Event: 393.385 Loading class jdk/internal/access/foreign/MemorySegmentProxy done
Event: 4571.229 Loading class java/time/DurationEditor
Event: 4571.229 Loading class java/time/DurationEditor done
Event: 7825.369 Loading class jdk/internal/loader/BootLoader$PackageHelper
Event: 7825.369 Loading class jdk/internal/loader/BootLoader$PackageHelper done
Event: 7825.370 Loading class java/security/AllPermissionCollection
Event: 7825.370 Loading class java/security/AllPermissionCollection done
Event: 7825.373 Loading class java/lang/invoke/WrongMethodTypeException
Event: 7825.373 Loading class java/lang/invoke/WrongMethodTypeException done
Event: 25564.730 Loading class java/lang/invoke/MethodHandleImpl$CountingWrapper$1
Event: 25564.730 Loading class java/lang/invoke/MethodHandleImpl$CountingWrapper$1 done

Classes unloaded (20 events):
Event: 26978.300 Thread 0x0000021e40bffd50 Unloading class 0x0000000800316c00 'java/lang/invoke/LambdaForm$MH+0x0000000800316c00'
Event: 26978.300 Thread 0x0000021e40bffd50 Unloading class 0x0000000800317800 'java/lang/invoke/LambdaForm$MH+0x0000000800317800'
Event: 26978.300 Thread 0x0000021e40bffd50 Unloading class 0x0000000800319c00 'java/lang/invoke/LambdaForm$MH+0x0000000800319c00'
Event: 26978.300 Thread 0x0000021e40bffd50 Unloading class 0x000000080031ac00 'java/lang/invoke/LambdaForm$MH+0x000000080031ac00'
Event: 26978.300 Thread 0x0000021e40bffd50 Unloading class 0x0000000800321800 'java/lang/invoke/LambdaForm$MH+0x0000000800321800'
Event: 26978.300 Thread 0x0000021e40bffd50 Unloading class 0x0000000800329800 'java/lang/invoke/LambdaForm$MH+0x0000000800329800'
Event: 26978.300 Thread 0x0000021e40bffd50 Unloading class 0x000000080033e000 'java/lang/invoke/LambdaForm$MH+0x000000080033e000'
Event: 26978.300 Thread 0x0000021e40bffd50 Unloading class 0x0000000800344400 'java/lang/invoke/LambdaForm$BMH+0x0000000800344400'
Event: 26978.300 Thread 0x0000021e40bffd50 Unloading class 0x0000000800384000 'java/lang/invoke/LambdaForm$MH+0x0000000800384000'
Event: 26978.300 Thread 0x0000021e40bffd50 Unloading class 0x00000008003bc000 'java/lang/invoke/LambdaForm$MH+0x00000008003bc000'
Event: 26978.300 Thread 0x0000021e40bffd50 Unloading class 0x000000080040a000 'java/lang/invoke/LambdaForm$MH+0x000000080040a000'
Event: 26978.300 Thread 0x0000021e40bffd50 Unloading class 0x000000080040ac00 'java/lang/invoke/LambdaForm$MH+0x000000080040ac00'
Event: 26978.300 Thread 0x0000021e40bffd50 Unloading class 0x000000080041e000 'java/lang/invoke/LambdaForm$MH+0x000000080041e000'
Event: 26978.300 Thread 0x0000021e40bffd50 Unloading class 0x000000080046e400 'java/lang/invoke/LambdaForm$MH+0x000000080046e400'
Event: 26978.300 Thread 0x0000021e40bffd50 Unloading class 0x00000008004731f0 'br/atitus/turmaB/APIProdutos/APIProdutos/ApiProdutosApplication$$SpringCGLIB$$0'
Event: 26978.300 Thread 0x0000021e40bffd50 Unloading class 0x0000000800473000 'br/atitus/turmaB/APIProdutos/APIProdutos/ApiProdutosApplication'
Event: 26982.010 Thread 0x0000021e40bffd50 Unloading class 0x0000000800480000 'org/apache/catalina/loader/JdbcLeakPrevention'
Event: 26984.644 Thread 0x0000021e40bffd50 Unloading class 0x000000080047e000 'org/apache/catalina/loader/JdbcLeakPrevention'
Event: 27087.974 Thread 0x0000021e40bffd50 Unloading class 0x000000080047c000 'org/apache/catalina/loader/JdbcLeakPrevention'
Event: 27115.002 Thread 0x0000021e40bffd50 Unloading class 0x000000080047b000 'org/apache/catalina/loader/JdbcLeakPrevention'

Classes redefined (0 events):
No events

Internal exceptions (20 events):
Event: 26984.767 Thread 0x0000021e674c7b20 Exception <a 'java/io/FileNotFoundException'{0x0000000711dd9fe0}> (0x0000000711dd9fe0) 
thrown [s\src\hotspot\share\prims\jni.cpp, line 516]
Event: 26984.772 Thread 0x0000021e674c7b20 Exception <a 'java/io/FileNotFoundException'{0x000000071008c350}> (0x000000071008c350) 
thrown [s\src\hotspot\share\prims\jni.cpp, line 516]
Event: 27087.968 Thread 0x0000021e674c4630 Exception <a 'java/lang/InterruptedException'{0x00000007097e1170}: sleep interrupted> (0x00000007097e1170) 
thrown [s\src\hotspot\share\prims\jvm.cpp, line 3083]
Event: 27087.998 Thread 0x0000021e67ec6060 Exception <a 'sun/nio/fs/WindowsException'{0x0000000705a746c0}> (0x0000000705a746c0) 
thrown [s\src\hotspot\share\prims\jni.cpp, line 516]
Event: 27088.084 Thread 0x0000021e67ec6060 Exception <a 'java/lang/NoClassDefFoundError'{0x0000000704e79108}: org/flywaydb/core/Flyway> (0x0000000704e79108) 
thrown [s\src\hotspot\share\oops\constantPool.cpp, line 836]
Event: 27088.084 Thread 0x0000021e67ec6060 Exception <a 'java/lang/NoClassDefFoundError'{0x0000000704e79758}: liquibase/integration/spring/SpringLiquibase> (0x0000000704e79758) 
thrown [s\src\hotspot\share\oops\constantPool.cpp, line 836]
Event: 27088.097 Thread 0x0000021e67ec6060 Exception <a 'sun/nio/fs/WindowsException'{0x0000000704db4758}> (0x0000000704db4758) 
thrown [s\src\hotspot\share\prims\jni.cpp, line 516]
Event: 27088.097 Thread 0x0000021e67ec6060 Exception <a 'sun/nio/fs/WindowsException'{0x0000000704db4dc0}> (0x0000000704db4dc0) 
thrown [s\src\hotspot\share\prims\jni.cpp, line 516]
Event: 27088.098 Thread 0x0000021e67ec6060 Exception <a 'sun/nio/fs/WindowsException'{0x0000000704db8308}> (0x0000000704db8308) 
thrown [s\src\hotspot\share\prims\jni.cpp, line 516]
Event: 27088.103 Thread 0x0000021e67ec6060 Exception <a 'java/io/FileNotFoundException'{0x0000000704dde3c0}> (0x0000000704dde3c0) 
thrown [s\src\hotspot\share\prims\jni.cpp, line 516]
Event: 27088.109 Thread 0x0000021e67ec6060 Exception <a 'java/io/FileNotFoundException'{0x0000000704a91d60}> (0x0000000704a91d60) 
thrown [s\src\hotspot\share\prims\jni.cpp, line 516]
Event: 27114.993 Thread 0x0000021e67eca3c0 Exception <a 'java/lang/InterruptedException'{0x0000000705bdfa58}: sleep interrupted> (0x0000000705bdfa58) 
thrown [s\src\hotspot\share\prims\jvm.cpp, line 3083]
Event: 27115.028 Thread 0x0000021e67ec8bb0 Exception <a 'sun/nio/fs/WindowsException'{0x0000000704e60f00}> (0x0000000704e60f00) 
thrown [s\src\hotspot\share\prims\jni.cpp, line 516]
Event: 27115.113 Thread 0x0000021e67ec8bb0 Exception <a 'java/lang/NoClassDefFoundError'{0x0000000704273dc0}: org/flywaydb/core/Flyway> (0x0000000704273dc0) 
thrown [s\src\hotspot\share\oops\constantPool.cpp, line 836]
Event: 27115.113 Thread 0x0000021e67ec8bb0 Exception <a 'java/lang/NoClassDefFoundError'{0x0000000704274410}: liquibase/integration/spring/SpringLiquibase> (0x0000000704274410) 
thrown [s\src\hotspot\share\oops\constantPool.cpp, line 836]
Event: 27115.126 Thread 0x0000021e67ec8bb0 Exception <a 'sun/nio/fs/WindowsException'{0x00000007041c26e0}> (0x00000007041c26e0) 
thrown [s\src\hotspot\share\prims\jni.cpp, line 516]
Event: 27115.126 Thread 0x0000021e67ec8bb0 Exception <a 'sun/nio/fs/WindowsException'{0x00000007041c3e58}> (0x00000007041c3e58) 
thrown [s\src\hotspot\share\prims\jni.cpp, line 516]
Event: 27115.126 Thread 0x0000021e67ec8bb0 Exception <a 'sun/nio/fs/WindowsException'{0x00000007041c4530}> (0x00000007041c4530) 
thrown [s\src\hotspot\share\prims\jni.cpp, line 516]
Event: 27115.131 Thread 0x0000021e67ec8bb0 Exception <a 'java/io/FileNotFoundException'{0x00000007041eaaa8}> (0x00000007041eaaa8) 
thrown [s\src\hotspot\share\prims\jni.cpp, line 516]
Event: 27115.136 Thread 0x0000021e67ec8bb0 Exception <a 'java/io/FileNotFoundException'{0x0000000703e9fa68}> (0x0000000703e9fa68) 
thrown [s\src\hotspot\share\prims\jni.cpp, line 516]

VM Operations (20 events):
Event: 27118.172 Executing VM operation: G1CollectForAllocation
Event: 27118.177 Executing VM operation: G1CollectForAllocation done
Event: 27176.018 Executing VM operation: G1CollectForAllocation
Event: 27176.018 Executing VM operation: G1CollectForAllocation done
Event: 27238.008 Executing VM operation: G1CollectForAllocation
Event: 27238.011 Executing VM operation: G1CollectForAllocation done
Event: 27307.023 Executing VM operation: G1CollectForAllocation
Event: 27307.025 Executing VM operation: G1CollectForAllocation done
Event: 27376.922 Executing VM operation: G1CollectForAllocation
Event: 27376.923 Executing VM operation: G1CollectForAllocation done
Event: 27446.540 Executing VM operation: G1CollectForAllocation
Event: 27446.541 Executing VM operation: G1CollectForAllocation done
Event: 27523.044 Executing VM operation: G1CollectForAllocation
Event: 27523.049 Executing VM operation: G1CollectForAllocation done
Event: 27599.349 Executing VM operation: G1CollectForAllocation
Event: 27599.351 Executing VM operation: G1CollectForAllocation done
Event: 27665.895 Executing VM operation: Cleanup
Event: 27665.895 Executing VM operation: Cleanup done
Event: 27675.713 Executing VM operation: G1CollectForAllocation
Event: 27675.717 Executing VM operation: G1CollectForAllocation done

Events (20 events):
Event: 27115.049 Thread 0x0000021e67ecca40 Thread added: 0x0000021e67ecca40
Event: 27115.062 Thread 0x0000021e67ecca40 Thread exited: 0x0000021e67ecca40
Event: 27115.137 Thread 0x0000021e67ec6060 Thread added: 0x0000021e67ec6060
Event: 27115.137 Thread 0x0000021e67ec6a00 Thread added: 0x0000021e67ec6a00
Event: 27115.137 Thread 0x0000021e67ecc0a0 Thread added: 0x0000021e67ecc0a0
Event: 27115.160 Thread 0x0000021e67eca3c0 Thread added: 0x0000021e67eca3c0
Event: 27115.163 Thread 0x0000021e67ecca40 Thread added: 0x0000021e67ecca40
Event: 27115.163 Thread 0x0000021e67ec6ed0 Thread added: 0x0000021e67ec6ed0
Event: 27115.163 Thread 0x0000021e674c7ff0 Thread added: 0x0000021e674c7ff0
Event: 27115.163 Thread 0x0000021e674c4630 Thread added: 0x0000021e674c4630
Event: 27115.163 Thread 0x0000021e674c5e40 Thread added: 0x0000021e674c5e40
Event: 27115.163 Thread 0x0000021e674c4b00 Thread added: 0x0000021e674c4b00
Event: 27115.163 Thread 0x0000021e674c7180 Thread added: 0x0000021e674c7180
Event: 27115.163 Thread 0x0000021e674c4fd0 Thread added: 0x0000021e674c4fd0
Event: 27115.163 Thread 0x0000021e674c54a0 Thread added: 0x0000021e674c54a0
Event: 27115.163 Thread 0x0000021e674c5970 Thread added: 0x0000021e674c5970
Event: 27115.164 Thread 0x0000021e674c6310 Thread added: 0x0000021e674c6310
Event: 27115.164 Thread 0x0000021e674c67e0 Thread added: 0x0000021e674c67e0
Event: 27115.166 Thread 0x0000021e67ec8bb0 Thread exited: 0x0000021e67ec8bb0
Event: 27115.166 Thread 0x0000021e674c7b20 Thread exited: 0x0000021e674c7b20


Dynamic libraries:
0x00007ff699ee0000 - 0x00007ff699eee000 	C:\Users\henri\.p2\pool\plugins\org.eclipse.justj.openjdk.hotspot.jre.full.win32.x86_64_18.0.1.v20220515-1614\jre\bin\javaw.exe
0x00007ff885010000 - 0x00007ff885208000 	C:\Windows\SYSTEM32\ntdll.dll
0x00007ff883e30000 - 0x00007ff883eef000 	C:\Windows\System32\KERNEL32.DLL
0x00007ff882af0000 - 0x00007ff882de6000 	C:\Windows\System32\KERNELBASE.dll
0x00007ff882ef0000 - 0x00007ff882ff0000 	C:\Windows\System32\ucrtbase.dll
0x00007ff858570000 - 0x00007ff858589000 	C:\Users\henri\.p2\pool\plugins\org.eclipse.justj.openjdk.hotspot.jre.full.win32.x86_64_18.0.1.v20220515-1614\jre\bin\VCRUNTIME140.dll
0x00007ff858550000 - 0x00007ff858567000 	C:\Users\henri\.p2\pool\plugins\org.eclipse.justj.openjdk.hotspot.jre.full.win32.x86_64_18.0.1.v20220515-1614\jre\bin\jli.dll
0x00007ff8841a0000 - 0x00007ff88433d000 	C:\Windows\System32\USER32.dll
0x00007ff86b050000 - 0x00007ff86b2ea000 	C:\Windows\WinSxS\amd64_microsoft.windows.common-controls_6595b64144ccf1df_6.0.19041.1110_none_60b5254171f9507e\COMCTL32.dll
0x00007ff882ff0000 - 0x00007ff883012000 	C:\Windows\System32\win32u.dll
0x00007ff8847f0000 - 0x00007ff88488e000 	C:\Windows\System32\msvcrt.dll
0x00007ff884050000 - 0x00007ff88407c000 	C:\Windows\System32\GDI32.dll
0x00007ff8827d0000 - 0x00007ff8828e5000 	C:\Windows\System32\gdi32full.dll
0x00007ff882a50000 - 0x00007ff882aed000 	C:\Windows\System32\msvcp_win.dll
0x00007ff883ef0000 - 0x00007ff883f20000 	C:\Windows\System32\IMM32.DLL
0x00007ff87ede0000 - 0x00007ff87edec000 	C:\Users\henri\.p2\pool\plugins\org.eclipse.justj.openjdk.hotspot.jre.full.win32.x86_64_18.0.1.v20220515-1614\jre\bin\vcruntime140_1.dll
0x00007ff81c090000 - 0x00007ff81c121000 	C:\Users\henri\.p2\pool\plugins\org.eclipse.justj.openjdk.hotspot.jre.full.win32.x86_64_18.0.1.v20220515-1614\jre\bin\msvcp140.dll
0x00007ff818510000 - 0x00007ff819199000 	C:\Users\henri\.p2\pool\plugins\org.eclipse.justj.openjdk.hotspot.jre.full.win32.x86_64_18.0.1.v20220515-1614\jre\bin\server\jvm.dll
0x00007ff884b00000 - 0x00007ff884baf000 	C:\Windows\System32\ADVAPI32.dll
0x00007ff884c30000 - 0x00007ff884ccc000 	C:\Windows\System32\sechost.dll
0x00007ff883f20000 - 0x00007ff884046000 	C:\Windows\System32\RPCRT4.dll
0x00007ff8831a0000 - 0x00007ff8831a8000 	C:\Windows\System32\PSAPI.DLL
0x00007ff85ecc0000 - 0x00007ff85ece7000 	C:\Windows\SYSTEM32\WINMM.dll
0x00007ff867190000 - 0x00007ff867199000 	C:\Windows\SYSTEM32\WSOCK32.dll
0x00007ff87c200000 - 0x00007ff87c20a000 	C:\Windows\SYSTEM32\VERSION.dll
0x00007ff884f60000 - 0x00007ff884fcb000 	C:\Windows\System32\WS2_32.dll
0x00007ff880630000 - 0x00007ff880642000 	C:\Windows\SYSTEM32\kernel.appcore.dll
0x00007ff871e60000 - 0x00007ff871e6a000 	C:\Users\henri\.p2\pool\plugins\org.eclipse.justj.openjdk.hotspot.jre.full.win32.x86_64_18.0.1.v20220515-1614\jre\bin\jimage.dll
0x00007ff87fec0000 - 0x00007ff8800a4000 	C:\Windows\SYSTEM32\DBGHELP.DLL
0x00007ff86c990000 - 0x00007ff86c9c4000 	C:\Windows\SYSTEM32\dbgcore.DLL
0x00007ff882e60000 - 0x00007ff882ee2000 	C:\Windows\System32\bcryptPrimitives.dll
0x00007ff86ca00000 - 0x00007ff86ca25000 	C:\Users\henri\.p2\pool\plugins\org.eclipse.justj.openjdk.hotspot.jre.full.win32.x86_64_18.0.1.v20220515-1614\jre\bin\java.dll
0x00007ff86f370000 - 0x00007ff86f388000 	C:\Users\henri\.p2\pool\plugins\org.eclipse.justj.openjdk.hotspot.jre.full.win32.x86_64_18.0.1.v20220515-1614\jre\bin\zip.dll
0x00007ff8836e0000 - 0x00007ff883e24000 	C:\Windows\System32\SHELL32.dll
0x00007ff8807a0000 - 0x00007ff880f33000 	C:\Windows\SYSTEM32\windows.storage.dll
0x00007ff8843a0000 - 0x00007ff8846f4000 	C:\Windows\System32\combase.dll
0x00007ff882140000 - 0x00007ff88216e000 	C:\Windows\SYSTEM32\Wldp.dll
0x00007ff883620000 - 0x00007ff8836cd000 	C:\Windows\System32\SHCORE.dll
0x00007ff884aa0000 - 0x00007ff884af5000 	C:\Windows\System32\shlwapi.dll
0x00007ff882630000 - 0x00007ff88264f000 	C:\Windows\SYSTEM32\profapi.dll
0x00007ff86eb30000 - 0x00007ff86eb43000 	C:\Users\henri\.p2\pool\plugins\org.eclipse.justj.openjdk.hotspot.jre.full.win32.x86_64_18.0.1.v20220515-1614\jre\bin\net.dll
0x00007ff87a250000 - 0x00007ff87a35a000 	C:\Windows\SYSTEM32\WINHTTP.dll
0x00007ff881ea0000 - 0x00007ff881f0a000 	C:\Windows\system32\mswsock.dll
0x00007ff86eac0000 - 0x00007ff86ead6000 	C:\Users\henri\.p2\pool\plugins\org.eclipse.justj.openjdk.hotspot.jre.full.win32.x86_64_18.0.1.v20220515-1614\jre\bin\nio.dll
0x00007ff87f810000 - 0x00007ff87f819000 	C:\Users\henri\.p2\pool\plugins\org.eclipse.justj.openjdk.hotspot.jre.full.win32.x86_64_18.0.1.v20220515-1614\jre\bin\management.dll
0x00007ff86a990000 - 0x00007ff86a99b000 	C:\Users\henri\.p2\pool\plugins\org.eclipse.justj.openjdk.hotspot.jre.full.win32.x86_64_18.0.1.v20220515-1614\jre\bin\management_ext.dll
0x00007ff882090000 - 0x00007ff8820a8000 	C:\Windows\SYSTEM32\CRYPTSP.dll
0x00007ff881750000 - 0x00007ff881784000 	C:\Windows\system32\rsaenh.dll
0x00007ff8827a0000 - 0x00007ff8827c7000 	C:\Windows\System32\bcrypt.dll
0x00007ff8825b0000 - 0x00007ff8825de000 	C:\Windows\SYSTEM32\USERENV.dll
0x00007ff8820b0000 - 0x00007ff8820bc000 	C:\Windows\SYSTEM32\CRYPTBASE.dll
0x00007ff881b40000 - 0x00007ff881b7c000 	C:\Windows\SYSTEM32\IPHLPAPI.DLL
0x00007ff8836d0000 - 0x00007ff8836d8000 	C:\Windows\System32\NSI.dll
0x00007ff87b920000 - 0x00007ff87b937000 	C:\Windows\SYSTEM32\dhcpcsvc6.DLL
0x00007ff87b900000 - 0x00007ff87b91d000 	C:\Windows\SYSTEM32\dhcpcsvc.DLL
0x00007ff881b90000 - 0x00007ff881c5a000 	C:\Windows\SYSTEM32\DNSAPI.dll
0x00007ff85f300000 - 0x00007ff85f30e000 	C:\Users\henri\.p2\pool\plugins\org.eclipse.justj.openjdk.hotspot.jre.full.win32.x86_64_18.0.1.v20220515-1614\jre\bin\sunmscapi.dll
0x00007ff8828f0000 - 0x00007ff882a4e000 	C:\Windows\System32\CRYPT32.dll
0x00007ff8821b0000 - 0x00007ff8821d8000 	C:\Windows\SYSTEM32\ncrypt.dll
0x00007ff882170000 - 0x00007ff8821ab000 	C:\Windows\SYSTEM32\NTASN1.dll

dbghelp: loaded successfully - version: 4.0.5 - missing functions: none
symbol engine: initialized successfully - sym options: 0x614 - pdb path: .;C:\Users\henri\.p2\pool\plugins\org.eclipse.justj.openjdk.hotspot.jre.full.win32.x86_64_18.0.1.v20220515-1614\jre\bin;C:\Windows\SYSTEM32;C:\Windows\WinSxS\amd64_microsoft.windows.common-controls_6595b64144ccf1df_6.0.19041.1110_none_60b5254171f9507e;C:\Users\henri\.p2\pool\plugins\org.eclipse.justj.openjdk.hotspot.jre.full.win32.x86_64_18.0.1.v20220515-1614\jre\bin\server

VM Arguments:
jvm_args: -Dfile.encoding=UTF-8 -XX:+ShowCodeDetailsInExceptionMessages 
java_command: br.atitus.turmaB.APIProdutos.APIProdutos.ApiProdutosApplication
java_class_path (initial): C:\Users\henri\OneDrive\Área de Trabalho\ProjetoFinal\APIProdutos\target\classes;C:\Users\henri\.m2\repository\org\springframework\boot\spring-boot-starter-web\3.1.1\spring-boot-starter-web-3.1.1.jar;C:\Users\henri\.m2\repository\org\springframework\boot\spring-boot-starter\3.1.1\spring-boot-starter-3.1.1.jar;C:\Users\henri\.m2\repository\org\springframework\boot\spring-boot-starter-logging\3.1.1\spring-boot-starter-logging-3.1.1.jar;C:\Users\henri\.m2\repository\ch\qos\logback\logback-classic\1.4.8\logback-classic-1.4.8.jar;C:\Users\henri\.m2\repository\ch\qos\logback\logback-core\1.4.8\logback-core-1.4.8.jar;C:\Users\henri\.m2\repository\org\apache\logging\log4j\log4j-to-slf4j\2.20.0\log4j-to-slf4j-2.20.0.jar;C:\Users\henri\.m2\repository\org\apache\logging\log4j\log4j-api\2.20.0\log4j-api-2.20.0.jar;C:\Users\henri\.m2\repository\org\slf4j\jul-to-slf4j\2.0.7\jul-to-slf4j-2.0.7.jar;C:\Users\henri\.m2\repository\jakarta\annotation\jakarta.annotation-api\2.1.1\jakarta.annotation-api-2.1.1.jar;C:\Users\henri\.m2\repository\org\yaml\snakeyaml\1.33\snakeyaml-1.33.jar;C:\Users\henri\.m2\repository\org\springframework\boot\spring-boot-starter-json\3.1.1\spring-boot-starter-json-3.1.1.jar;C:\Users\henri\.m2\repository\com\fasterxml\jackson\core\jackson-databind\2.15.2\jackson-databind-2.15.2.jar;C:\Users\henri\.m2\repository\com\fasterxml\jackson\core\jackson-annotations\2.15.2\jackson-annotations-2.15.2.jar;C:\Users\henri\.m2\repository\com\fasterxml\jackson\core\jackson-core\2.15.2\jackson-core-2.15.2.jar;C:\Users\henri\.m2\repository\com\fasterxml\jackson\datatype\jackson-datatype-jdk8\2.15.2\jackson-datatype-jdk8-2.15.2.jar;C:\Users\henri\.m2\repository\com\fasterxml\jackson\datatype\jackson-datatype-jsr310\2.15.2\jackson-datatype-jsr310-2.15.2.jar;C:\Users\henri\.m2\repository\com\fasterxml\jackson\module\jackson-module-parameter-names\2.15.2\jackson-module-parameter-names-2.15.2.jar;C:\Users\henri\.m2\repository\org\springframework\boot\spring-boot-starter-tomcat\3.1.1\spring-boot-starter-tomcat-3.1.1.jar;C:\Users\henri\.m2\repository\org\apache\tomcat\embed\tomcat-embed-core\10.1.10\tomcat-embed-core-10.1.10.jar;C:\Users\henri\.m2\repository\org\apache\tomcat\embed\tomcat-embed-el\10.1.10\tomcat-embed-el-10.1.10.jar;C:\Users\henri\.m2\repository\org\apache\tomcat\embed\tomcat-embed-websocket\10.1.10\tomcat-embed-websocket-10.1.10.jar;C:\Users\henri\.m2\repository\org\springframework\spring-web\6.0.10\spring-web-6.0.10.jar;C:\Users\henri\.m2\repository\org\springframework\spring-beans\6.0.10\spring-beans-6.0.10.jar;C:\Users\henri\.m2\repository\io\micrometer\micrometer-observation\1.11.1\micrometer-observation-1.11.1.jar;C:\Users\henri\.m2\repository\io\micrometer\micrometer-commons\1.11.1\micrometer-commons-1.11.1.jar;C:\Users\henri\.m2\repository\org\springframework\spring-webmvc\6.0.10\spring-webmvc-6.0.10.jar;C:\Users\henri\.m2\repository\org\springframework\spring-aop\6.0.10\spring-aop-6.0.10.jar;C:\Users\henri\.m2\repository\org\springframework\spring-context\6.0.10\spring-context-6.0.10.jar;C:\Users\henri\.m2\repository\org\springframework\spring-expression\6.0.10\spring-expression-6.0.10.jar;C:\Users\henri\.m2\repository\org\springframework\boot\spring-boot-devtools\3.1.1\spring-boot-devtools-3.1.1.jar;C:\Users\henri\.m2\repository\org\springframework\boot\spring-boot\3.1.1\spring-boot-3.1.1.jar;C:\Users\henri\.m2\repository\org\springframework\boot\spring-boot-autoconfigure\3.1.1\spring-boot-autoconfigure-3.1.1.jar;C:\Users\henri\.m2\repository\org\slf4j\slf4j-api\2.0.7\slf4j-api-2.0.7.jar;C:\Users\henri\.m2\repository\org\springframework\spring-core\6.0.10\spring-core-6.0.10.jar;C:\Users\henri\.m2\repository\org\springframework\spring-jcl\6.0.10\spring-jcl-6.0.10.jar
Launcher Type: SUN_STANDARD

[Global flags]
     intx CICompilerCount                          = 4                                         {product} {ergonomic}
     uint ConcGCThreads                            = 2                                         {product} {ergonomic}
     uint G1ConcRefinementThreads                  = 8                                         {product} {ergonomic}
   size_t G1HeapRegionSize                         = 2097152                                   {product} {ergonomic}
    uintx GCDrainStackTargetSize                   = 64                                        {product} {ergonomic}
   size_t InitialHeapSize                          = 266338304                                 {product} {ergonomic}
   size_t MarkStackSize                            = 4194304                                   {product} {ergonomic}
   size_t MaxHeapSize                              = 4261412864                                {product} {ergonomic}
   size_t MaxNewSize                               = 2556428288                                {product} {ergonomic}
   size_t MinHeapDeltaBytes                        = 2097152                                   {product} {ergonomic}
   size_t MinHeapSize                              = 8388608                                   {product} {ergonomic}
    uintx NonNMethodCodeHeapSize                   = 5839372                                {pd product} {ergonomic}
    uintx NonProfiledCodeHeapSize                  = 122909434                              {pd product} {ergonomic}
    uintx ProfiledCodeHeapSize                     = 122909434                              {pd product} {ergonomic}
    uintx ReservedCodeCacheSize                    = 251658240                              {pd product} {ergonomic}
     bool SegmentedCodeCache                       = true                                      {product} {ergonomic}
     bool ShowCodeDetailsInExceptionMessages       = true                                   {manageable} {command line}
   size_t SoftMaxHeapSize                          = 4261412864                             {manageable} {ergonomic}
     bool UseCompressedClassPointers               = true                           {product lp64_product} {ergonomic}
     bool UseCompressedOops                        = true                           {product lp64_product} {ergonomic}
     bool UseG1GC                                  = true                                      {product} {ergonomic}
     bool UseLargePagesIndividualAllocation        = false                                  {pd product} {ergonomic}

Logging:
Log output configuration:
 #0: stdout all=warning uptime,level,tags foldmultilines=false
 #1: stderr all=off uptime,level,tags foldmultilines=false

Environment Variables:
JAVA_HOME=C:_jdk18.0
PATH=C:/Users/henri/.p2/pool/plugins/org.eclipse.justj.openjdk.hotspot.jre.full.win32.x86_64_18.0.1.v20220515-1614/jre/bin/server;C:/Users/henri/.p2/pool/plugins/org.eclipse.justj.openjdk.hotspot.jre.full.win32.x86_64_18.0.1.v20220515-1614/jre/bin;C:\Program Files\Common Files\Oracle\Java\javapath;C:\Program Files (x86)\Common Files\Oracle\Java\javapath;C:\Windows\system32;C:\Windows;C:\Windows\System32\Wbem;C:\Windows\System32\WindowsPowerShell\v1.0\;C:\Windows\System32\OpenSSH\;C:\Program Files (x86)\NVIDIA Corporation\PhysX\Common;C:\Program Files\NVIDIA Corporation\NVIDIA NvDLISR;C:\Program Files\Git\cmd;C:\Program Files\nodejs\;C:\Users\henri\AppData\Local\Programs\Python\Python310\Scripts\;C:\Users\henri\AppData\Local\Programs\Python\Python310\;C:\Users\henri\AppData\Local\Microsoft\WindowsApps;C:\Users\henri\AppData\Local\Programs\Microsoft VS Code\bin;C:\Program Files\Java\jre1.8.0_331;C:\Users\henri\AppData\Roaming\npm;C:\Program Files\vtex\bin;C:\Users\henri\OneDrive\Área de Trabalho;
USERNAME=henri
OS=Windows_NT
PROCESSOR_IDENTIFIER=Intel64 Family 6 Model 165 Stepping 2, GenuineIntel



---------------  S Y S T E M  ---------------

OS:
 Windows 10 , 64 bit Build 19041 (10.0.19041.3031)
OS uptime: 0 days 23:22 hours

CPU: total 8 (initial active 8) (4 cores per cpu, 2 threads per core) family 6 model 165 stepping 2 microcode 0xea, cx8, cmov, fxsr, ht, mmx, 3dnowpref, sse, sse2, sse3, ssse3, sse4.1, sse4.2, popcnt, lzcnt, tsc, tscinvbit, avx, avx2, aes, erms, clmul, bmi1, bmi2, adx, fma, vzeroupper, clflush, clflushopt

Memory: 4k page, system-wide physical 16251M (1358M free)
TotalPageFile size 36251M (AvailPageFile size 0M)
current process WorkingSet (physical memory assigned to process): 174M, peak: 203M
current process commit charge ("private bytes"): 227M, peak: 366M

vm_info: OpenJDK 64-Bit Server VM (18.0.1+10) for windows-amd64 JRE (18.0.1+10), built on Apr 20 2022 05:04:48 by "" with MS VC++ 16.7 (VS2019)

END.
